2022-06-19 10:25:36,658:INFO:PyCaret Supervised Module
2022-06-19 10:25:36,659:INFO:ML Usecase: regression
2022-06-19 10:25:36,660:INFO:version 2.3.10
2022-06-19 10:25:36,660:INFO:Initializing setup()
2022-06-19 10:25:36,660:INFO:setup(target=SalePrice, ml_usecase=regression, available_plots={'parameter': 'Hyperparameters', 'residuals': 'Residuals', 'error': 'Prediction Error', 'cooks': 'Cooks Distance', 'rfe': 'Feature Selection', 'learning': 'Learning Curve', 'manifold': 'Manifold Learning', 'vc': 'Validation Curve', 'feature': 'Feature Importance', 'feature_all': 'Feature Importance (All)', 'tree': 'Decision Tree', 'residuals_interactive': 'Interactive Residuals'}, train_size=0.7, test_data=None, preprocess=True, imputation_type=simple, iterative_imputation_iters=5, categorical_features=None, categorical_imputation=constant, categorical_iterative_imputer=lightgbm, ordinal_features=None, high_cardinality_features=None, high_cardinality_method=frequency, numeric_features=None, numeric_imputation=mean, numeric_iterative_imputer=lightgbm, date_features=None, ignore_features=None, normalize=False, normalize_method=zscore, transformation=False, transformation_method=yeo-johnson, handle_unknown_categorical=True, unknown_categorical_method=least_frequent, pca=False, pca_method=linear, pca_components=None, ignore_low_variance=False, combine_rare_levels=False, rare_level_threshold=0.1, bin_numeric_features=None, remove_outliers=False, outliers_threshold=0.05, remove_multicollinearity=False, multicollinearity_threshold=0.9, remove_perfect_collinearity=True, create_clusters=False, cluster_iter=20, polynomial_features=False, polynomial_degree=2, trigonometry_features=False, polynomial_threshold=0.1, group_features=None, group_names=None, feature_selection=False, feature_selection_threshold=0.8, feature_selection_method=classic, feature_interaction=False, feature_ratio=False, interaction_threshold=0.01, fix_imbalance=False, fix_imbalance_method=None, transform_target=False, transform_target_method=box-cox, data_split_shuffle=True, data_split_stratify=False, fold_strategy=kfold, fold=10, fold_shuffle=False, fold_groups=None, n_jobs=-1, use_gpu=False, custom_pipeline=None, html=True, session_id=None, log_experiment=False, experiment_name=None, experiment_custom_tags=None, log_plots=False, log_profile=False, log_data=False, silent=False, verbose=True, profile=False, profile_kwargs=None, display=None)
2022-06-19 10:25:36,660:INFO:Checking environment
2022-06-19 10:25:36,660:INFO:python_version: 3.8.10
2022-06-19 10:25:36,660:INFO:python_build: ('tags/v3.8.10:3d8993a', 'May  3 2021 11:48:03')
2022-06-19 10:25:36,660:INFO:machine: AMD64
2022-06-19 10:25:36,661:INFO:platform: Windows-10-10.0.22000-SP0
2022-06-19 10:25:36,662:INFO:Memory: svmem(total=25719996416, available=15897571328, percent=38.2, used=9822425088, free=15897571328)
2022-06-19 10:25:36,662:INFO:Physical Core: 4
2022-06-19 10:25:36,662:INFO:Logical Core: 4
2022-06-19 10:25:36,662:INFO:Checking libraries
2022-06-19 10:25:36,662:INFO:pd==1.4.2
2022-06-19 10:25:36,662:INFO:numpy==1.19.5
2022-06-19 10:25:36,662:INFO:sklearn==0.23.2
2022-06-19 10:25:36,662:INFO:lightgbm==3.3.2
2022-06-19 10:25:36,663:WARNING:catboost not found
2022-06-19 10:25:36,664:WARNING:xgboost not found
2022-06-19 10:25:36,664:INFO:mlflow==1.26.1
2022-06-19 10:25:36,664:INFO:Checking Exceptions
2022-06-19 10:25:36,665:INFO:Declaring global variables
2022-06-19 10:25:36,665:INFO:USI: b249
2022-06-19 10:25:36,665:INFO:pycaret_globals: {'_all_metrics', 'transform_target_method_param', 'y', 'pycaret_globals', 'iterative_imputation_iters_param', 'fold_groups_param_full', 'imputation_classifier', 'logging_param', 'fold_shuffle_param', 'y_train', 'X_test', 'target_param', 'html_param', '_ml_usecase', 'create_model_container', 'gpu_param', 'master_model_container', 'experiment__', 'fold_generator', 'fold_param', 'fold_groups_param', 'exp_name_log', 'dashboard_logger', '_internal_pipeline', 'y_test', 'X', '_all_models_internal', '_all_models', 'fix_imbalance_method_param', 'X_train', 'data_before_preprocess', '_gpu_n_jobs_param', 'n_jobs_param', 'fix_imbalance_param', 'prep_pipe', 'transform_target_param', 'seed', 'log_plots_param', 'stratify_param', 'imputation_regressor', 'USI', '_available_plots', 'display_container'}
2022-06-19 10:25:36,665:INFO:Preparing display monitor
2022-06-19 10:25:36,665:INFO:Preparing display monitor
2022-06-19 10:25:36,679:INFO:Importing libraries
2022-06-19 10:25:36,680:INFO:Copying data for preprocessing
2022-06-19 10:25:36,689:INFO:Declaring preprocessing parameters
2022-06-19 10:25:36,690:INFO:Creating preprocessing pipeline
2022-06-19 10:25:36,710:INFO:Preprocessing pipeline created successfully
2022-06-19 10:25:36,710:ERROR:(Process Exit): setup has been interupted with user command 'quit'. setup must rerun.
2022-06-19 10:25:36,710:INFO:Creating global containers
2022-06-19 10:25:36,711:INFO:Internal pipeline: Pipeline(memory=None, steps=[('empty_step', 'passthrough')], verbose=False)
2022-06-19 10:28:38,020:INFO:PyCaret Supervised Module
2022-06-19 10:28:38,020:INFO:ML Usecase: regression
2022-06-19 10:28:38,021:INFO:version 2.3.10
2022-06-19 10:28:38,021:INFO:Initializing setup()
2022-06-19 10:28:38,021:INFO:setup(target=SalePrice, ml_usecase=regression, available_plots={'parameter': 'Hyperparameters', 'residuals': 'Residuals', 'error': 'Prediction Error', 'cooks': 'Cooks Distance', 'rfe': 'Feature Selection', 'learning': 'Learning Curve', 'manifold': 'Manifold Learning', 'vc': 'Validation Curve', 'feature': 'Feature Importance', 'feature_all': 'Feature Importance (All)', 'tree': 'Decision Tree', 'residuals_interactive': 'Interactive Residuals'}, train_size=0.7, test_data=None, preprocess=True, imputation_type=simple, iterative_imputation_iters=5, categorical_features=None, categorical_imputation=constant, categorical_iterative_imputer=lightgbm, ordinal_features=None, high_cardinality_features=None, high_cardinality_method=frequency, numeric_features=None, numeric_imputation=mean, numeric_iterative_imputer=lightgbm, date_features=None, ignore_features=None, normalize=False, normalize_method=zscore, transformation=False, transformation_method=yeo-johnson, handle_unknown_categorical=True, unknown_categorical_method=least_frequent, pca=False, pca_method=linear, pca_components=None, ignore_low_variance=False, combine_rare_levels=False, rare_level_threshold=0.1, bin_numeric_features=None, remove_outliers=False, outliers_threshold=0.05, remove_multicollinearity=False, multicollinearity_threshold=0.9, remove_perfect_collinearity=True, create_clusters=False, cluster_iter=20, polynomial_features=False, polynomial_degree=2, trigonometry_features=False, polynomial_threshold=0.1, group_features=None, group_names=None, feature_selection=False, feature_selection_threshold=0.8, feature_selection_method=classic, feature_interaction=False, feature_ratio=False, interaction_threshold=0.01, fix_imbalance=False, fix_imbalance_method=None, transform_target=False, transform_target_method=box-cox, data_split_shuffle=True, data_split_stratify=False, fold_strategy=kfold, fold=10, fold_shuffle=False, fold_groups=None, n_jobs=-1, use_gpu=False, custom_pipeline=None, html=True, session_id=None, log_experiment=False, experiment_name=None, experiment_custom_tags=None, log_plots=False, log_profile=False, log_data=False, silent=False, verbose=True, profile=False, profile_kwargs=None, display=None)
2022-06-19 10:28:38,021:INFO:Checking environment
2022-06-19 10:28:38,021:INFO:python_version: 3.8.10
2022-06-19 10:28:38,022:INFO:python_build: ('tags/v3.8.10:3d8993a', 'May  3 2021 11:48:03')
2022-06-19 10:28:38,022:INFO:machine: AMD64
2022-06-19 10:28:38,022:INFO:platform: Windows-10-10.0.22000-SP0
2022-06-19 10:28:38,022:INFO:Memory: svmem(total=25719996416, available=15733116928, percent=38.8, used=9986879488, free=15733116928)
2022-06-19 10:28:38,022:INFO:Physical Core: 4
2022-06-19 10:28:38,022:INFO:Logical Core: 4
2022-06-19 10:28:38,023:INFO:Checking libraries
2022-06-19 10:28:38,023:INFO:pd==1.4.2
2022-06-19 10:28:38,024:INFO:numpy==1.19.5
2022-06-19 10:28:38,024:INFO:sklearn==0.23.2
2022-06-19 10:28:38,024:INFO:lightgbm==3.3.2
2022-06-19 10:28:38,025:WARNING:catboost not found
2022-06-19 10:28:38,026:WARNING:xgboost not found
2022-06-19 10:28:38,026:INFO:mlflow==1.26.1
2022-06-19 10:28:38,026:INFO:Checking Exceptions
2022-06-19 10:28:38,026:INFO:Declaring global variables
2022-06-19 10:28:38,027:INFO:USI: 475e
2022-06-19 10:28:38,027:INFO:pycaret_globals: {'stratify_param', 'exp_name_log', 'data_before_preprocess', 'fold_generator', 'transform_target_param', 'fold_param', 'imputation_classifier', 'fix_imbalance_param', '_all_models_internal', 'X_test', '_all_models', 'dashboard_logger', '_all_metrics', 'target_param', 'fold_groups_param', '_gpu_n_jobs_param', 'prep_pipe', 'seed', 'X', 'X_train', 'logging_param', 'pycaret_globals', 'fold_shuffle_param', 'html_param', 'n_jobs_param', 'master_model_container', 'fix_imbalance_method_param', 'display_container', 'USI', '_internal_pipeline', 'gpu_param', 'create_model_container', 'y_train', 'experiment__', 'imputation_regressor', 'log_plots_param', 'fold_groups_param_full', 'y_test', 'iterative_imputation_iters_param', 'y', '_ml_usecase', '_available_plots', 'transform_target_method_param'}
2022-06-19 10:28:38,027:INFO:Preparing display monitor
2022-06-19 10:28:38,027:INFO:Preparing display monitor
2022-06-19 10:28:38,040:INFO:Importing libraries
2022-06-19 10:28:38,041:INFO:Copying data for preprocessing
2022-06-19 10:28:38,054:INFO:Declaring preprocessing parameters
2022-06-19 10:28:38,055:INFO:Creating preprocessing pipeline
2022-06-19 10:28:38,077:INFO:Preprocessing pipeline created successfully
2022-06-19 10:28:38,077:ERROR:(Process Exit): setup has been interupted with user command 'quit'. setup must rerun.
2022-06-19 10:28:38,078:INFO:Creating global containers
2022-06-19 10:28:38,078:INFO:Internal pipeline: Pipeline(memory=None, steps=[('empty_step', 'passthrough')], verbose=False)
2022-06-19 10:28:39,352:WARNING:Couldn't import xgboost.XGBRegressor
2022-06-19 10:28:39,353:WARNING:Couldn't import catboost.CatBoostRegressor
2022-06-19 10:28:39,483:WARNING:Couldn't import xgboost.XGBRegressor
2022-06-19 10:28:39,484:WARNING:Couldn't import catboost.CatBoostRegressor
2022-06-19 10:28:39,484:INFO:Creating grid variables
2022-06-19 10:28:39,497:INFO:create_model_container: 0
2022-06-19 10:28:39,497:INFO:master_model_container: 0
2022-06-19 10:28:39,497:INFO:display_container: 1
2022-06-19 10:28:39,501:INFO:Pipeline(memory=None,
         steps=[('dtypes',
                 DataTypes_Auto_infer(categorical_features=[],
                                      display_types=True, features_todrop=[],
                                      id_columns=[], ml_usecase='regression',
                                      numerical_features=[], target='SalePrice',
                                      time_features=[])),
                ('imputer',
                 Simple_Imputer(categorical_strategy='not_available',
                                fill_value_categorical=None,
                                fill_value_numerical=None,
                                numeric_strate...
                ('scaling', 'passthrough'), ('P_transform', 'passthrough'),
                ('binn', 'passthrough'), ('rem_outliers', 'passthrough'),
                ('cluster_all', 'passthrough'),
                ('dummy', Dummify(target='SalePrice')),
                ('fix_perfect', Remove_100(target='SalePrice')),
                ('clean_names', Clean_Colum_Names()),
                ('feature_select', 'passthrough'), ('fix_multi', 'passthrough'),
                ('dfs', 'passthrough'), ('pca', 'passthrough')],
         verbose=False)
2022-06-19 10:28:39,502:INFO:setup() succesfully completed......................................
2022-06-19 11:57:04,778:INFO:Initializing compare_models()
2022-06-19 11:57:04,781:INFO:compare_models(include=None, fold=None, round=4, cross_validation=True, sort=R2, n_select=1, budget_time=None, turbo=True, errors=ignore, fit_kwargs=None, groups=None, experiment_custom_tags=None, probability_threshold=None, verbose=True, display=None, exclude=None)
2022-06-19 11:57:04,781:INFO:Checking exceptions
2022-06-19 12:03:11,101:INFO:Initializing compare_models()
2022-06-19 12:03:11,101:INFO:compare_models(include=None, fold=None, round=4, cross_validation=True, sort=R2, n_select=1, budget_time=None, turbo=True, errors=ignore, fit_kwargs=None, groups=None, experiment_custom_tags=None, probability_threshold=None, verbose=True, display=None, exclude=None)
2022-06-19 12:03:11,101:INFO:Checking exceptions
2022-06-19 12:20:21,395:INFO:Initializing compare_models()
2022-06-19 12:20:21,396:INFO:compare_models(include=None, fold=None, round=4, cross_validation=True, sort=R2, n_select=1, budget_time=None, turbo=True, errors=ignore, fit_kwargs=None, groups=None, experiment_custom_tags=None, probability_threshold=None, verbose=True, display=None, exclude=None)
2022-06-19 12:20:21,396:INFO:Checking exceptions
